Λάθος 
Incorrect syntax near '01.0000010'.

1o commands:70056f9b-9245-4948-b89b-56088f0b5d1f,ComvoiceDemo,_PortalReport\ClientKartel.rpt,html
2o Prin to params 
3o constring: Βρεθηκε
4o Syndthikame: 
Λάθος:Incorrect syntax near '01.0000010'.
Λάθος 
Incorrect syntax near '06.0000092'.

1o commands:c9c8f9c5-0b12-4922-b05a-d53f00f40c07,ComvoiceDemo,_PortalReport\ClientKartel.rpt,html
2o Prin to params 
3o constring: Βρεθηκε
4o Syndthikame: 
Λάθος:Incorrect syntax near '06.0000092'.
Λάθος 
Incorrect syntax near '06.0000092'.

1o commands:2c439c4f-94bf-4c36-ab5e-7d9ccbb2a457,ComvoiceDemo,_PortalReport\ClientKartel.rpt,html
2o Prin to params 
3o constring: Βρεθηκε
4o Syndthikame: 
Λάθος:Incorrect syntax near '06.0000092'.
Λάθος 
Incorrect syntax near 'ΠΕ'.

1o commands:942ccb55-5f4e-4bb8-bcd4-dd1cee84df70,ComvoiceDemo,_PortalReport\ClientKartel.rpt,html
2o Prin to params 
3o constring: Βρεθηκε
4o Syndthikame: 
Λάθος:Incorrect syntax near 'ΠΕ'.
Λάθος 
Incorrect syntax near 'ΠΕ'.

1o commands:31c04ad9-50b5-4dc0-a15b-6757083d0ce8,ComvoiceDemo,_PortalReport\ClientKartel.rpt,html
2o Prin to params 
3o constring: Βρεθηκε
4o Syndthikame: 
Λάθος:Incorrect syntax near 'ΠΕ'.
Λάθος 
Incorrect syntax near 'ΠΕ'.

1o commands:cd61e2a3-1bf5-471c-b5b2-03bed7b07b52,ComvoiceDemo,_PortalReport\ClientKartel.rpt,html
2o Prin to params 
3o constring: Βρεθηκε
4o Syndthikame: 
Λάθος:Incorrect syntax near 'ΠΕ'.
Λάθος 
Incorrect syntax near 'ΠΕ'.

1o commands:ba350d90-18ea-487d-8d37-aadb1f2506f2,ComvoiceDemo,_PortalReport\ClientKartel.rpt,html
2o Prin to params 
3o constring: Βρεθηκε
4o Syndthikame: 
Λάθος:Incorrect syntax near 'ΠΕ'.
Λάθος 
Incorrect syntax near 'ΠΕ'.

1o commands:6636afb1-f51b-4d42-b27e-d1588e2ba9df,ComvoiceDemo,_PortalReport\ClientKartel.rpt,pdf
2o Prin to params 
3o constring: Βρεθηκε
4o Syndthikame: 
Λάθος:Incorrect syntax near 'ΠΕ'.
